<?xml version="1.0" encoding="UTF-8"?>
<!-- Generated by org.testng.reporters.JUnitReportReporter -->
<testsuite hostname="Selva" failures="0" tests="4" name="com.redbus.qa.Tests.TestHomePage" time="5.526" errors="0" timestamp="2024-01-17T16:13:43 IST" skipped="0">
  <testcase classname="com.redbus.qa.Tests.TestHomePage" name="test_homepagegettitle" time="0.015"/>
  <system-out/>
  <testcase classname="com.redbus.qa.Tests.TestHomePage" name="test_Clickonbusticket" time="1.733"/>
  <system-out/>
  <testcase classname="com.redbus.qa.Tests.TestHomePage" name="test_Clickoncabrental" time="2.563"/>
  <system-out/>
  <testcase classname="com.redbus.qa.Tests.TestHomePage" name="test_ClickonredRail" time="1.215"/>
  <system-out/>
</testsuite> <!-- com.redbus.qa.Tests.TestHomePage -->
